
Start-Date: 2012-11-07  10:08:19
Commandline: /usr/bin/apt-get -y install apt-utils dialog locales manpages man-db
Install: groff-base:armel (1.20.1-10, automatic), apt-utils:armel (0.8.10.3+squeeze1), locales:armel (2.11.3-4), libgdbm3:armel (1.8.3-9, automatic), manpages:armel (3.27-1), libgpm2:armel (1.20.4-3.3, automatic), bsdmainutils:armel (8.0.13, automatic), dialog:armel (1.1-20100428-1), man-db:armel (2.5.7-8), libncursesw5:armel (5.7+20100313-5, automatic)
End-Date: 2012-11-07  10:09:45

Start-Date: 1970-01-01  00:00:22
Commandline: apt-get -y install i2c-tools makedev module-init-tools dhcp3-client netbase ifupdown iproute iputils-ping wget net-tools vim nano hdparm bzip2 p7zip unrar unzip zip p7zip-full screen less usbutils psmisc strace info ethtool wireless-tools wpasupplicant python rsyslog whois time procps perl parted build-essential ccache bison flex autoconf automake gcc libc6 cpp curl ftp gettext subversion php5 gpsd gpsd-clients fswebcam uvccapture lm-sensors firmware-linux-free firmware-linux-nonfree firmware-realtek firmware-ralink firmware-linux firmware-brcm80211 firmware-atheros rcconf cgilib cgiemail cgi-mapserver lrzsz libnss-mdns libpam-modules nscd ssh libpcsclite1 libnl1 nfs-common tree lighttpd vsftpd rsync ruby git fakeroot libjpeg62-dev alsa-utils libasound2 linux-sound-base
Install: vsftpd:armel (2.3.2-3+squeeze2), libkeyutils1:armel (1.4-1, automatic), dmsetup:armel (1.02.48-5, automatic), libgtk2.0-common:armel (2.20.1-2, automatic), libedit2:armel (2.11-20080614-2, automatic), libkrb5-3:armel (1.8.3+dfsg-4squeeze6, automatic), fswebcam:armel (20100622-1), libatk1.0-0:armel (1.30.0-1, automatic), rcconf:armel (2.5), libpopt0:armel (1.16-1, automatic), nano:armel (2.2.4-1), ttf-dejavu-core:armel (2.31-1, automatic), hdparm:armel (9.32-1), libxfixes3:armel (4.0.5-1, automatic), bzip2:armel (1.0.5-6+squeeze1), shared-mime-info:armel (0.71-4, automatic), libkrb5support0:armel (1.8.3+dfsg-4squeeze6, automatic), iproute:armel (20100519-3), vim-common:armel (7.2.445+hg~cb94c42c0e1a-1, automatic), apache2-utils:armel (2.2.16-6+squeeze8, automatic), libmpfr4:armel (3.0.0-2, automatic), libxcb-render-util0:armel (0.3.6-1, automatic), python-support:armel (1.0.10, automatic), fakeroot:armel (1.14.4-1), libevent-1.4-2:armel (1.4.13-stable-1, automatic), python2.6-minimal:armel (2.6.6-8+b1, automatic), libnfsidmap2:armel (0.23-2, automatic), unrar:armel (3.9.10-1), bind9-host:armel (9.7.3.dfsg-1~squeeze8, automatic), firmware-linux-nonfree:armel (0.28+squeeze1), mime-support:armel (3.48-1, automatic), procps:armel (3.2.8-9squeeze1), libidn11:armel (1.15-2, automatic), dhcp3-client:armel (4.1.1-P1-15+squeeze8), libsensors4:armel (3.1.2-6, automatic), libwrap0:armel (7.6.q-19, automatic), wireless-tools:armel (30~pre9-5), libicu44:armel (4.4.1-8, automatic), i2c-tools:armel (3.0.2-5), avahi-daemon:armel (0.6.27-2+squeeze1, automatic), cgilib:armel (0.6-1), libpixman-1-0:armel (0.16.4-1, automatic), libproj0:armel (4.7.0-1, automatic), bison:armel (2.4.1.dfsg-3), libx11-data:armel (1.3.3-4, automatic), libaprutil1-dbd-sqlite3:armel (1.3.9+dfsg-5, automatic), libgfortran3:armel (4.4.5-8, automatic), libavahi-common-data:armel (0.6.27-2+squeeze1, automatic), libdbus-1-3:armel (1.2.24-4+squeeze1, automatic), g++-4.4:armel (4.4.5-8, automatic), install-info:armel (4.13a.dfsg.1-6, automatic), unzip:armel (6.0-4), perl:armel (5.10.1-17squeeze3), iputils-ping:armel (20100418-3), php5:armel (5.3.3-7+squeeze14), nscd:armel (2.11.3-4), libdbus-glib-1-2:armel (0.88-2.1, automatic), libcap2:armel (2.19-3, automatic), apache2.2-bin:armel (2.2.16-6+squeeze8, automatic), libxerces-c28:armel (2.8.0+deb1-2+b1, automatic), libc-dev-bin:armel (2.11.3-4, automatic), screen:armel (4.0.3-14+b1), libdns69:armel (9.7.3.dfsg-1~squeeze8, automatic), m4:armel (1.4.14-3, automatic), libgps19:armel (2.95-8, automatic), strace:armel (4.5.20-2), libapr1:armel (1.4.2-6+squeeze4, automatic), libogdi3.2:armel (3.2.0~beta2-6, automatic), libxslt1.1:armel (1.1.26-6+squeeze2, automatic), libterm-readkey-perl:armel (2.30-4, automatic), autoconf:armel (2.67-2), libgomp1:armel (4.4.5-8, automatic), libserf-0-0:armel (0.3.1-1, automatic), libstdc++6-4.4-dev:armel (4.4.5-8, automatic), libpcre3:armel (8.02-1.1, automatic), mysql-common:armel (5.1.63-0+squeeze1, automatic), whois:armel (5.0.10), libusb-1.0-0:armel (1.0.8-2, automatic), libcairo2:armel (1.8.10-6, automatic), libfontconfig1:armel (2.8.0-2.1, automatic), libaprutil1-ldap:armel (1.3.9+dfsg-5, automatic), fontconfig-config:armel (2.8.0-2.1, automatic), libgnutls26:armel (2.8.6-1+squeeze2, automatic), liberror-perl:armel (0.17-1, automatic), gpsd-clients:armel (2.95-8), subversion:armel (1.6.12dfsg-6), libsqlite3-0:armel (3.7.3-1, automatic), module-init-tools:armel (3.12-2), libfcgi0ldbl:armel (2.4.0-8, automatic), libhdf5-serial-1.8.4:armel (1.8.4-patch1-2, automatic), odbcinst:armel (2.2.14p2-1, automatic), psmisc:armel (22.11-1), g++:armel (4.4.5-1, automatic), linux-libc-dev:armel (2.6.32-46, automatic), libbsd0:armel (0.2.0-1, automatic), libpango1.0-common:armel (1.28.3-1+squeeze2, automatic), python2.6:armel (2.6.6-8+b1, automatic), libcurl3-gnutls:armel (7.21.0-2.1+squeeze2, automatic), libtasn1-3:armel (2.7-1+squeeze+1, automatic), apache2-mpm-prefork:armel (2.2.16-6+squeeze8, automatic), libparted0debian1:armel (2.3-5, automatic), libxcb-render0:armel (1.6-1, automatic), python-minimal:armel (2.6.6-3+squeeze7, automatic), python-gps:armel (2.95-8, automatic), parted:armel (2.3-5), ccache:armel (3.0.1-1), libfribidi0:armel (0.19.2-1, automatic), libisccc60:armel (9.7.3.dfsg-1~squeeze8, automatic), libexpat1:armel (2.0.1-7+squeeze1, automatic), gcc-4.4:armel (4.4.5-8, automatic), libdpkg-perl:armel (1.15.8.13, automatic), libdevmapper1.02.1:armel (1.02.48-5, automatic), libfam0:armel (2.7.0-17, automatic), libk5crypto3:armel (1.8.3+dfsg-4squeeze6, automatic), isc-dhcp-client:armel (4.1.1-P1-15+squeeze8), libpcsclite1:armel (1.5.5-4), libgeos-3.2.0:armel (3.2.0-1, automatic), libnss-mdns:armel (0.10-3.1+b1), unixodbc:armel (2.2.14p2-1, automatic), libsvn1:armel (1.6.12dfsg-6, automatic), openssh-client:armel (5.5p1-6+squeeze2, automatic), libdatrie1:armel (0.2.4-1, automatic), fontconfig:armel (2.8.0-2.1, automatic), ruby1.8:armel (1.8.7.302-2squeeze1, automatic), p7zip:armel (9.04~dfsg.1-1), ethtool:armel (2.6.34-3), libffi5:armel (3.0.9-3, automatic), lighttpd:armel (1.4.28-2+squeeze1), dbus:armel (1.2.24-4+squeeze1, automatic), libqdbm14:armel (1.8.77-4, automatic), udev:armel (164-3, automatic), gettext:armel (0.18.1.1-3), libxcb1:armel (1.6-1, automatic), time:armel (1.7-23.1), python-numpy:armel (1.4.1-5, automatic), ruby:armel (4.5), librpcsecgss3:armel (0.19-2, automatic), libxau6:armel (1.0.6-1, automatic), apache2.2-common:armel (2.2.16-6+squeeze8, automatic), liblwres60:armel (9.7.3.dfsg-1~squeeze8, automatic), cpp:armel (4.4.5-1), libpango1.0-0:armel (1.28.3-1+squeeze2, automatic), libgmp3c2:armel (4.3.2+dfsg-1, automatic), libcups2:armel (1.4.4-7+squeeze1, automatic), gcc:armel (4.4.5-1), netbase:armel (4.45), libcurl3:armel (7.21.0-2.1+squeeze2, automatic), cgiemail:armel (1.6-36), odbcinst1debian2:armel (2.2.14p2-1, automatic), git:armel (1.7.2.5-3), libgif4:armel (4.1.6-9, automatic), python:armel (2.6.6-3+squeeze7), ifupdown:armel (0.6.10), ftp:armel (0.17-23), libxft2:armel (2.1.14-2, automatic), autotools-dev:armel (20100122.1, automatic), libonig2:armel (5.9.1-1, automatic), libhdf4-0-alt:armel (4.2r4-11, automatic), libssh2-1:armel (1.2.6-1, automatic), tree:armel (1.5.3-1), alsa-utils:armel (1.0.23-3), libxcomposite1:armel (0.4.2-1, automatic), libcroco3:armel (0.6.2-1, automatic), libjpeg62-dev:armel (6b1-1), ca-certificates:armel (20090814+nmu3squeeze1, automatic), libxdmcp6:armel (1.0.3-2, automatic), libgcrypt11:armel (1.4.5-2, automatic), lm-sensors:armel (3.1.2-6), openssh-blacklist:armel (0.4.1, automatic), libthai0:armel (0.1.14-2, automatic), makedev:armel (2.3.1-89), libgeos-c1:armel (3.2.0-1, automatic), rsync:armel (3.0.7-2), libxml2:armel (2.7.8.dfsg-2+squeeze5, automatic), libbind9-60:armel (9.7.3.dfsg-1~squeeze8, automatic), wget:armel (1.12-2.1), curl:armel (7.21.0-2.1+squeeze2), firmware-realtek:armel (0.28+squeeze1), proj-data:armel (4.7.0-1, automatic), firmware-linux-free:armel (2.6.32-46), libbluetooth3:armel (4.66-3, automatic), isc-dhcp-common:armel (4.1.1-P1-15+squeeze8, automatic), file:armel (5.04-5+squeeze2, automatic), libasound2:armel (1.0.23-2.1), net-tools:armel (1.60-23), uvccapture:armel (0.5-1+b1), libxpm4:armel (3.5.8-1, automatic), libgpg-error0:armel (1.6-1, automatic), libxrender1:armel (0.9.6-1, automatic), adduser:armel (3.112+nmu2, automatic), flex:armel (2.5.35-10), libtimedate-perl:armel (1.2000-1, automatic), dpkg-dev:armel (1.15.8.13, automatic), ucf:armel (3.0025+nmu1, automatic), firmware-brcm80211:armel (0.28+squeeze1), gettext-base:armel (0.18.1.1-3, automatic), ssh:armel (5.5p1-6+squeeze2), libblas3gf:armel (1.2-8, automatic), libiw30:armel (30~pre9-5, automatic), libgd2-xpm:armel (2.0.36~rc1~dfsg-5, automatic), vim:armel (7.2.445+hg~cb94c42c0e1a-1), libtiff4:armel (3.9.4-5+squeeze6, automatic), perl-modules:armel (5.10.1-17squeeze3, automatic), libjasper1:armel (1.900.1-7+squeeze1, automatic), libming1:armel (0.4.3-1+b1, automatic), automake:armel (1.11.1-1+squeeze1), libpng12-0:armel (1.2.44-1+squeeze4, automatic), libjpeg62:armel (6b1-1, automatic), libgeoip1:armel (1.4.7~beta6+dfsg-1, automatic), libudev0:armel (164-3, automatic), liblapack3gf:armel (3.2.1-8, automatic), wpasupplicant:armel (0.6.10-2.1), libmysqlclient16:armel (5.1.63-0+squeeze1, automatic), libldap-2.4-2:armel (2.4.23-7.2, automatic), libdaemon0:armel (0.14-2, automatic), libfreetype6:armel (2.4.2-2.1+squeeze4, automatic), libthai-data:armel (0.1.14-2, automatic), libisccfg62:armel (9.7.3.dfsg-1~squeeze8, automatic), usbutils:armel (0.87-5squeeze1), zip:armel (3.0-3), libavahi-client3:armel (0.6.27-2+squeeze1, automatic), libc6-dev:armel (2.11.3-4, automatic), libunistring0:armel (0.9.3-3, automatic), libnl1:armel (1.1-6), libglib2.0-0:armel (2.24.2-1, automatic), vim-runtime:armel (7.2.445+hg~cb94c42c0e1a-1, automatic), cgi-mapserver:armel (5.6.5-2+squeeze2), lrzsz:armel (0.12.21-5), libssl0.9.8:armel (0.9.8o-4squeeze13, automatic), libdb4.7:armel (4.7.25-9, automatic), libx11-6:armel (1.3.3-4, automatic), gpsd:armel (2.95-8), libsasl2-2:armel (2.1.23.dfsg1-7, automatic), libterm-readline-perl-perl:armel (1.0303-1, automatic), libpq5:armel (8.4.13-0squeeze1, automatic), firmware-ralink:armel (0.28+squeeze1), openssl:armel (0.9.8o-4squeeze13, automatic), rsyslog:armel (4.6.4-2), cpp-4.4:armel (4.4.5-8, automatic), linux-sound-base:armel (1.0.23+dfsg-2), libxdamage1:armel (1.1.3-1, automatic), patch:armel (2.6-2, automatic), libgssapi-krb5-2:armel (1.8.3+dfsg-4squeeze6, automatic), libruby1.8:armel (1.8.7.302-2squeeze1, automatic), info:armel (4.13a.dfsg.1-6), libisc62:armel (9.7.3.dfsg-1~squeeze8, automatic), libxi6:armel (1.3-7, automatic), libgssglue1:armel (0.1-4, automatic), libapache2-mod-php5:armel (5.3.3-7+squeeze14, automatic), libxcursor1:armel (1.1.10-2, automatic), libavahi-common3:armel (0.6.27-2+squeeze1, automatic), binutils:armel (2.20.1-16, automatic), libxinerama1:armel (1.1-3, automatic), openssh-server:armel (5.5p1-6+squeeze2, automatic), portmap:armel (6.0.0-2, automatic), libxext6:armel (1.1.2-1, automatic), libaprutil1:armel (1.3.9+dfsg-5, automatic), p7zip-full:armel (9.04~dfsg.1-1), defoma:armel (0.11.11, automatic), libreadline5:armel (5.2-7, automatic), nfs-common:armel (1.2.2-4squeeze2), php5-common:armel (5.3.3-7+squeeze14, automatic), firmware-atheros:armel (0.28+squeeze1), libxrandr2:armel (1.3.0-3, automatic), libavahi-core7:armel (0.6.27-2+squeeze1, automatic), python-gtk2:armel (2.17.0-4, automatic), firmware-linux:armel (0.28+squeeze1), libgdal1-1.6.0:armel (1.6.3-4+b1, automatic), python-cairo:armel (1.8.8-1+b1, automatic), libgtk2.0-0:armel (2.20.1-2, automatic), make:armel (3.81-8, automatic), libneon27-gnutls:armel (0.29.3-3, automatic), less:armel (436-1+b1), libltdl7:armel (2.2.6b-2, automatic), libmagic1:armel (5.04-5+squeeze2, automatic), python-gobject:armel (2.21.4+is.2.21.3-1, automatic), libnetcdf6:armel (4.1.1-5, automatic), build-essential:armel (11.5)
Error: Sub-process /usr/bin/dpkg returned an error code (1)
End-Date: 1970-01-01  00:08:59

Start-Date: 1970-01-01  00:12:15
Commandline: apt-get install udev
Install: udev:armel (164-3)
End-Date: 1970-01-01  00:14:02

Start-Date: 1970-01-01  00:18:38
Commandline: apt-get install aptitude
Install: aptitude:armel (0.6.3-3.2+squeeze1), libcwidget3:armel (0.5.16-3, automatic), libsigc++-2.0-0c2a:armel (2.2.4.2-1, automatic), libept1:armel (1.0.4, automatic), libxapian22:armel (1.2.3-2, automatic), libboost-iostreams1.42.0:armel (1.42.0-4, automatic)
End-Date: 1970-01-01  00:22:09

Start-Date: 1970-01-01  01:10:41
Commandline: apt-get remove ttf-dejavu-core odbcinst nfs-common unrar avahi-daemon wpasupplicant wireless-tools gpsd fswebcam
Install: ttf-bitstream-vera:armel (1.10-8, automatic)
Remove: fswebcam:armel (20100622-1), ttf-dejavu-core:armel (2.31-1), unrar:armel (3.9.10-1), wireless-tools:armel (30~pre9-5), avahi-daemon:armel (0.6.27-2+squeeze1), odbcinst:armel (2.2.14p2-1), libnss-mdns:armel (0.10-3.1+b1), unixodbc:armel (2.2.14p2-1), odbcinst1debian2:armel (2.2.14p2-1), wpasupplicant:armel (0.6.10-2.1), cgi-mapserver:armel (5.6.5-2+squeeze2), gpsd:armel (2.95-8), nfs-common:armel (1.2.2-4squeeze2), libgdal1-1.6.0:armel (1.6.3-4+b1)
End-Date: 1970-01-01  01:13:28

Start-Date: 1970-01-01  01:18:41
Commandline: apt-get remove ttf-bitstream-vera nscd man-db gpsd-clients firmware-atheros firmware-brcm80211 firmware-linux firmware-linux-free firmware-linux-nonfree firmware-ralink firmware-realtek
Install: ttf-dejavu-core:armel (2.31-1, automatic)
Remove: ttf-bitstream-vera:armel (1.10-8), firmware-linux-nonfree:armel (0.28+squeeze1), nscd:armel (2.11.3-4), gpsd-clients:armel (2.95-8), firmware-realtek:armel (0.28+squeeze1), firmware-linux-free:armel (2.6.32-46), firmware-brcm80211:armel (0.28+squeeze1), man-db:armel (2.5.7-8), firmware-ralink:armel (0.28+squeeze1), firmware-atheros:armel (0.28+squeeze1), firmware-linux:armel (0.28+squeeze1)
End-Date: 1970-01-01  01:20:16

Start-Date: 1970-01-01  01:23:37
Commandline: apt-get remove alsa-utils
Remove: alsa-utils:armel (1.0.23-3)
End-Date: 1970-01-01  01:23:52

Start-Date: 1970-01-01  01:26:01
Commandline: apt-get remove uvccapture
Remove: uvccapture:armel (0.5-1+b1)
End-Date: 1970-01-01  01:26:14

Start-Date: 1970-01-01  01:35:28
Remove: apache2-utils:armel (2.2.16-6+squeeze8), php5:armel (5.3.3-7+squeeze14), apache2.2-bin:armel (2.2.16-6+squeeze8), groff-base:armel (1.20.1-10), apache2-mpm-prefork:armel (2.2.16-6+squeeze8), apache2.2-common:armel (2.2.16-6+squeeze8), libapache2-mod-php5:armel (5.3.3-7+squeeze14)
End-Date: 1970-01-01  01:36:14

Start-Date: 1970-01-01  01:48:21
Commandline: apt-get remove ttf-dejavu-core defoma
Install: ttf-bitstream-vera:armel (1.10-8, automatic)
Remove: ttf-dejavu-core:armel (2.31-1), libpango1.0-common:armel (1.28.3-1+squeeze2), libpango1.0-0:armel (1.28.3-1+squeeze2), defoma:armel (0.11.11), python-gtk2:armel (2.17.0-4), libgtk2.0-0:armel (2.20.1-2)
End-Date: 1970-01-01  01:51:42

Start-Date: 1970-01-01  00:03:42
Commandline: apt-get remove rsyslog portmap
Remove: rsyslog:armel (4.6.4-2), portmap:armel (6.0.0-2)
End-Date: 1970-01-01  00:04:05

Start-Date: 1970-01-01  00:17:20
Commandline: apt-get upgrade
Upgrade: perl:armel (5.10.1-17squeeze3, 5.10.1-17squeeze4), perl-base:armel (5.10.1-17squeeze3, 5.10.1-17squeeze4), mysql-common:armel (5.1.63-0+squeeze1, 5.1.66-0+squeeze1), libcups2:armel (1.4.4-7+squeeze1, 1.4.4-7+squeeze2), libxml2:armel (2.7.8.dfsg-2+squeeze5, 2.7.8.dfsg-2+squeeze6), libtiff4:armel (3.9.4-5+squeeze6, 3.9.4-5+squeeze8), perl-modules:armel (5.10.1-17squeeze3, 5.10.1-17squeeze4), libmysqlclient16:armel (5.1.63-0+squeeze1, 5.1.66-0+squeeze1), tzdata:armel (2012c-0squeeze1, 2012g-0squeeze1), gpgv:armel (1.4.10-4, 1.4.10-4+squeeze1), gnupg:armel (1.4.10-4, 1.4.10-4+squeeze1)
End-Date: 1970-01-01  00:26:21

Start-Date: 1970-01-01  00:35:49
Commandline: apt-get install udhcpd
Install: udhcpd:armel (1.17.1-8), busybox:armel (1.17.1-8, automatic)
End-Date: 1970-01-01  00:36:31

Start-Date: 1970-01-01  00:41:13
Commandline: apt-get install dosfstools cryptsetup
Install: dosfstools:armel (3.0.9-1), cryptsetup:armel (1.1.3-4squeeze2)
End-Date: 1970-01-01  00:42:11

Start-Date: 1970-01-01  00:48:35
Commandline: apt-get install lua5.1 liblua5.1-bitop0 liblua5.1-curl0 liblua5.1-json liblua5.1-posix1 liblua5.1-rex-pcre0
Install: liblua5.1-rex-pcre0:armel (2.4.0-2), liblua5.1-curl0:armel (0.3.0-3+b1), lua5.1:armel (5.1.4-5), liblua5.1-posix1:armel (5.1.4-3), liblua5.1-lpeg2:armel (0.9-4, automatic), liblua5.1-json:armel (1.1.1-1), liblua5.1-bitop0:armel (1.0.1-3)
End-Date: 1970-01-01  00:49:31

Start-Date: 1970-01-01  00:07:04
Commandline: apt-get install sudo
Install: sudo:armel (1.7.4p4-2.squeeze.3)
End-Date: 1970-01-01  00:07:50

Start-Date: 2013-01-19  12:34:34
Commandline: apt-get install php5-cgi
Install: php5-cgi:armel (5.3.3-7+squeeze14)
End-Date: 2013-01-19  12:37:45

Start-Date: 1970-01-01  05:17:11
Commandline: apt-get install tmux
Install: tmux:armel (1.3-2+squeeze1)
End-Date: 1970-01-01  05:17:44

Start-Date: 1970-01-01  08:11:35
Commandline: apt-get install clamav
Install: clamav:armel (0.97.6+dfsg-1~squeeze1), clamav-freshclam:armel (0.97.6+dfsg-1~squeeze1, automatic), logrotate:armel (3.7.8-6, automatic), clamav-base:armel (0.97.6+dfsg-1~squeeze1, automatic), libclamav6:armel (0.97.6+dfsg-1~squeeze1, automatic), cron:armel (3.0pl1-116, automatic), libtommath0:armel (0.39-4, automatic)
End-Date: 1970-01-01  08:15:31

Start-Date: 2013-06-22  12:59:36
Commandline: apt-get install php5-sqlite
Install: php5-sqlite:armel (5.3.3-7+squeeze14), libsqlite0:armel (2.8.17-6, automatic)
End-Date: 2013-06-22  13:01:08

Start-Date: 1970-01-01  00:30:46
Commandline: apt-get install php5-sqlite php-db
Install: php-pear:armel (5.3.3-7+squeeze14, automatic), php-db:armel (1.7.13-2), php5-cli:armel (5.3.3-7+squeeze14, automatic)
End-Date: 1970-01-01  00:32:38

Start-Date: 2012-11-13  11:16:10
Commandline: apt-get install rdate
Install: rdate:armel (1.2-4)
End-Date: 2012-11-13  11:16:41

Start-Date: 2013-08-11  16:46:15
Commandline: apt-get install php-apc
Install: php-apc:armel (3.1.3p1-2)
End-Date: 2013-08-11  16:46:46

Start-Date: 2013-08-11  15:05:38
Commandline: apt-get install python-pip
Install: python-pip:armel (0.7.2-1), python-setuptools:armel (0.6.14-4, automatic), python-pkg-resources:armel (0.6.14-4, automatic)
End-Date: 2013-08-11  15:09:34

Start-Date: 2013-08-11  15:19:05
Commandline: apt-get install python-tornado
Install: python-pycurl:armel (7.19.0-3+b1, automatic), python-tornado:armel (1.0.1-1)
End-Date: 2013-08-11  15:20:11

Start-Date: 2013-08-16  22:05:44
Commandline: apt-get install bitcoind
Install: libdb4.6++:armel (4.6.21-16, automatic), bitcoind:armel (0.3.24~dfsg-1~bpo60+1), libboost-program-options1.42.0:armel (1.42.0-4, automatic), libminiupnpc5:armel (1.5-2~bpo60+1, automatic), libboost-thread1.42.0:armel (1.42.0-4, automatic), libcrypto++8:armel (5.6.0-6, automatic), libboost-filesystem1.42.0:armel (1.42.0-4, automatic), libboost-system1.42.0:armel (1.42.0-4, automatic)
End-Date: 2013-08-16  22:07:46
