2012-11-07 10:06:21 update-alternatives: run with --quiet --install /usr/bin/awk awk /usr/bin/mawk 5 --slave /usr/share/man/man1/awk.1.gz awk.1.gz /usr/share/man/man1/mawk.1.gz --slave /usr/bin/nawk nawk /usr/bin/mawk --slave /usr/share/man/man1/nawk.1.gz nawk.1.gz /usr/share/man/man1/mawk.1.gz
2012-11-07 10:06:21 update-alternatives: link group awk updated to point to /usr/bin/mawk
2012-11-07 10:06:49 update-alternatives: run with --quiet --install /usr/bin/awk awk /usr/bin/mawk 5 --slave /usr/share/man/man1/awk.1.gz awk.1.gz /usr/share/man/man1/mawk.1.gz --slave /usr/bin/nawk nawk /usr/bin/mawk --slave /usr/share/man/man1/nawk.1.gz nawk.1.gz /usr/share/man/man1/mawk.1.gz
2012-11-07 10:06:51 update-alternatives: run with --install /usr/sbin/rmt rmt /usr/sbin/rmt-tar 50 --slave /usr/share/man/man8/rmt.8.gz rmt.8.gz /usr/share/man/man8/rmt-tar.8.gz
2012-11-07 10:06:51 update-alternatives: link group rmt updated to point to /usr/sbin/rmt-tar
2012-11-07 10:06:53 update-alternatives: run with --install /usr/share/man/man7/builtins.7.gz builtins.7.gz /usr/share/man/man7/bash-builtins.7.gz 10
2012-11-07 10:06:53 update-alternatives: link group builtins.7.gz updated to point to /usr/share/man/man7/bash-builtins.7.gz
2012-11-07 10:07:18 update-alternatives: run with --install /usr/bin/pager pager /bin/more 50 --slave /usr/share/man/man1/pager.1.gz pager.1.gz /usr/share/man/man1/more.1.gz
2012-11-07 10:07:18 update-alternatives: link group pager updated to point to /bin/more
2012-11-07 10:07:18 update-alternatives: run with --install /usr/bin/pager pager /usr/bin/pg 10 --slave /usr/share/man/man1/pager.1.gz pager.1.gz /usr/share/man/man1/pg.1.gz
2012-11-07 10:08:24 update-alternatives: run with --install /usr/bin/write write /usr/bin/bsd-write 100 --slave /usr/share/man/man1/write.1.gz write.1.gz /usr/share/man/man1/bsd-write.1.gz
2012-11-07 10:08:24 update-alternatives: link group write updated to point to /usr/bin/bsd-write
2012-11-07 10:08:24 update-alternatives: run with --install /usr/bin/from from /usr/bin/bsd-from 10 --slave /usr/share/man/man1/from.1.gz from.1.gz /usr/share/man/man1/bsd-from.1.gz
2012-11-07 10:08:24 update-alternatives: link group from updated to point to /usr/bin/bsd-from
1970-01-01 00:04:25 update-alternatives: run with --install /usr/bin/infobrowser infobrowser /usr/bin/info 60 --slave /usr/share/man/man1/infobrowser.1.gz infobrowser.1.gz /usr/share/man/man1/info.1.gz
1970-01-01 00:04:25 update-alternatives: link group infobrowser updated to point to /usr/bin/info
1970-01-01 00:04:28 update-alternatives: run with --install /usr/bin/editor editor /bin/nano 40 --slave /usr/share/man/man1/editor.1.gz editor.1.gz /usr/share/man/man1/nano.1.gz
1970-01-01 00:04:28 update-alternatives: link group editor updated to point to /bin/nano
1970-01-01 00:04:29 update-alternatives: run with --install /usr/bin/pico pico /bin/nano 10 --slave /usr/share/man/man1/pico.1.gz pico.1.gz /usr/share/man/man1/nano.1.gz
1970-01-01 00:04:29 update-alternatives: link group pico updated to point to /bin/nano
1970-01-01 00:04:29 update-alternatives: run with --install /usr/bin/w w /usr/bin/w.procps 50 --slave /usr/share/man/man1/w.1.gz w.1.gz /usr/share/man/man1/w.procps.1.gz
1970-01-01 00:04:29 update-alternatives: link group w updated to point to /usr/bin/w.procps
1970-01-01 00:04:36 update-alternatives: run with --install /usr/bin/ftp ftp /usr/bin/netkit-ftp 100 --slave /usr/share/man/man1/ftp.1.gz ftp.1.gz /usr/share/man/man1/netkit-ftp.1.gz
1970-01-01 00:04:36 update-alternatives: link group ftp updated to point to /usr/bin/netkit-ftp
1970-01-01 00:04:36 update-alternatives: run with --quiet --install /usr/bin/pager pager /bin/less 77 --slave /usr/share/man/man1/pager.1.gz pager.1.gz /usr/share/man/man1/less.1.gz
1970-01-01 00:04:36 update-alternatives: link group pager updated to point to /bin/less
1970-01-01 00:04:38 update-alternatives: run with --quiet --install /usr/bin/pager pager /bin/less 77 --slave /usr/share/man/man1/pager.1.gz pager.1.gz /usr/share/man/man1/less.1.gz
1970-01-01 00:04:42 update-alternatives: run with --install /usr/bin/view view /usr/bin/see 1 --slave /usr/share/man/man1/view.1.gz view.1.gz /usr/share/man/man1/see.1.gz
1970-01-01 00:04:42 update-alternatives: link group view updated to point to /usr/bin/see
1970-01-01 00:05:01 update-alternatives: run with --quiet --install /usr/bin/rsh rsh /usr/bin/ssh 20 --slave /usr/share/man/man1/rsh.1.gz rsh.1.gz /usr/share/man/man1/ssh.1.gz
1970-01-01 00:05:01 update-alternatives: link group rsh updated to point to /usr/bin/ssh
1970-01-01 00:05:01 update-alternatives: run with --quiet --install /usr/bin/rlogin rlogin /usr/bin/slogin 20 --slave /usr/share/man/man1/rlogin.1.gz rlogin.1.gz /usr/share/man/man1/slogin.1.gz
1970-01-01 00:05:01 update-alternatives: link group rlogin updated to point to /usr/bin/slogin
1970-01-01 00:05:01 update-alternatives: run with --quiet --install /usr/bin/rcp rcp /usr/bin/scp 20 --slave /usr/share/man/man1/rcp.1.gz rcp.1.gz /usr/share/man/man1/scp.1.gz
1970-01-01 00:05:01 update-alternatives: link group rcp updated to point to /usr/bin/scp
1970-01-01 00:06:02 update-alternatives: run with --install /usr/bin/yacc yacc /usr/bin/bison.yacc 100 --slave /usr/share/man/man1/yacc.1.gz yaccman /usr/share/man/man1/bison.yacc.1.gz
1970-01-01 00:06:02 update-alternatives: link group yacc updated to point to /usr/bin/bison.yacc
1970-01-01 00:06:02 update-alternatives: run with --quiet --install /lib/cpp cpp /usr/bin/cpp 10
1970-01-01 00:06:02 update-alternatives: link group cpp updated to point to /usr/bin/cpp
1970-01-01 00:06:03 update-alternatives: run with --quiet --install /usr/bin/cc cc /usr/bin/gcc 20
1970-01-01 00:06:03 update-alternatives: link group cc updated to point to /usr/bin/gcc
1970-01-01 00:06:03 update-alternatives: run with --quiet --install /usr/bin/c89 c89 /usr/bin/c89-gcc 20 --slave /usr/share/man/man1/c89.1.gz c89.1.gz /usr/share/man/man1/c89-gcc.1.gz
1970-01-01 00:06:03 update-alternatives: link group c89 updated to point to /usr/bin/c89-gcc
1970-01-01 00:06:03 update-alternatives: run with --quiet --install /usr/bin/c99 c99 /usr/bin/c99-gcc 20 --slave /usr/share/man/man1/c99.1.gz c99.1.gz /usr/share/man/man1/c99-gcc.1.gz
1970-01-01 00:06:03 update-alternatives: link group c99 updated to point to /usr/bin/c99-gcc
1970-01-01 00:06:43 update-alternatives: run with --install /usr/bin/fakeroot fakeroot /usr/bin/fakeroot-sysv 50 --slave /usr/share/man/man1/fakeroot.1.gz fakeroot.1.gz /usr/share/man/man1/fakeroot-sysv.1.gz --slave /usr/share/man/man1/faked.1.gz faked.1.gz /usr/share/man/man1/faked-sysv.1.gz --slave /usr/share/man/es/man1/fakeroot.1.gz fakeroot.es.1.gz /usr/share/man/es/man1/fakeroot-sysv.1.gz --slave /usr/share/man/es/man1/faked.1.gz faked.es.1.gz /usr/share/man/es/man1/faked-sysv.1.gz --slave /usr/share/man/fr/man1/fakeroot.1.gz fakeroot.fr.1.gz /usr/share/man/fr/man1/fakeroot-sysv.1.gz --slave /usr/share/man/fr/man1/faked.1.gz faked.fr.1.gz /usr/share/man/fr/man1/faked-sysv.1.gz --slave /usr/share/man/sv/man1/fakeroot.1.gz fakeroot.sv.1.gz /usr/share/man/sv/man1/fakeroot-sysv.1.gz --slave /usr/share/man/sv/man1/faked.1.gz faked.sv.1.gz /usr/share/man/sv/man1/faked-sysv.1.gz
1970-01-01 00:06:43 update-alternatives: link group fakeroot updated to point to /usr/bin/fakeroot-sysv
1970-01-01 00:06:43 update-alternatives: run with --install /usr/bin/fakeroot fakeroot /usr/bin/fakeroot-tcp 30 --slave /usr/share/man/man1/fakeroot.1.gz fakeroot.1.gz /usr/share/man/man1/fakeroot-tcp.1.gz --slave /usr/share/man/man1/faked.1.gz faked.1.gz /usr/share/man/man1/faked-tcp.1.gz --slave /usr/share/man/es/man1/fakeroot.1.gz fakeroot.es.1.gz /usr/share/man/es/man1/fakeroot-tcp.1.gz --slave /usr/share/man/es/man1/faked.1.gz faked.es.1.gz /usr/share/man/es/man1/faked-tcp.1.gz --slave /usr/share/man/fr/man1/fakeroot.1.gz fakeroot.fr.1.gz /usr/share/man/fr/man1/fakeroot-tcp.1.gz --slave /usr/share/man/fr/man1/faked.1.gz faked.fr.1.gz /usr/share/man/fr/man1/faked-tcp.1.gz --slave /usr/share/man/sv/man1/fakeroot.1.gz fakeroot.sv.1.gz /usr/share/man/sv/man1/fakeroot-tcp.1.gz --slave /usr/share/man/sv/man1/faked.1.gz faked.sv.1.gz /usr/share/man/sv/man1/faked-tcp.1.gz
1970-01-01 00:07:00 update-alternatives: run with --install /usr/lib/libblas.so.3gf libblas.so.3gf /usr/lib/libblas/libblas.so.3gf 10
1970-01-01 00:07:00 update-alternatives: link group libblas.so.3gf updated to point to /usr/lib/libblas/libblas.so.3gf
1970-01-01 00:07:03 update-alternatives: run with --install /usr/lib/liblapack.so.3gf liblapack.so.3gf /usr/lib/lapack/liblapack.so.3gf 10
1970-01-01 00:07:03 update-alternatives: link group liblapack.so.3gf updated to point to /usr/lib/lapack/liblapack.so.3gf
1970-01-01 00:07:52 update-alternatives: run with --install /usr/bin/unrar unrar /usr/bin/unrar-nonfree 40 --slave /usr/share/man/man1/unrar.1.gz unrar.1.gz /usr/share/man/man1/unrar-nonfree.1.gz
1970-01-01 00:07:52 update-alternatives: link group unrar updated to point to /usr/bin/unrar-nonfree
1970-01-01 00:07:53 update-alternatives: run with --install /usr/bin/vim vim /usr/bin/vim.basic 30
1970-01-01 00:07:53 update-alternatives: link group vim updated to point to /usr/bin/vim.basic
1970-01-01 00:07:53 update-alternatives: run with --install /usr/bin/vimdiff vimdiff /usr/bin/vim.basic 30
1970-01-01 00:07:53 update-alternatives: link group vimdiff updated to point to /usr/bin/vim.basic
1970-01-01 00:07:53 update-alternatives: run with --install /usr/bin/rvim rvim /usr/bin/vim.basic 30
1970-01-01 00:07:53 update-alternatives: link group rvim updated to point to /usr/bin/vim.basic
1970-01-01 00:07:53 update-alternatives: run with --install /usr/bin/rview rview /usr/bin/vim.basic 30
1970-01-01 00:07:53 update-alternatives: link group rview updated to point to /usr/bin/vim.basic
1970-01-01 00:07:53 update-alternatives: run with --install /usr/bin/vi vi /usr/bin/vim.basic 30 --slave /usr/share/man/fr/man1/vi.1.gz vi.fr.1.gz /usr/share/man/fr/man1/vim.1.gz --slave /usr/share/man/it/man1/vi.1.gz vi.it.1.gz /usr/share/man/it/man1/vim.1.gz --slave /usr/share/man/pl/man1/vi.1.gz vi.pl.1.gz /usr/share/man/pl/man1/vim.1.gz --slave /usr/share/man/ru/man1/vi.1.gz vi.ru.1.gz /usr/share/man/ru/man1/vim.1.gz --slave /usr/share/man/man1/vi.1.gz vi.1.gz /usr/share/man/man1/vim.1.gz
1970-01-01 00:07:53 update-alternatives: link group vi updated to point to /usr/bin/vim.basic
1970-01-01 00:07:53 update-alternatives: run with --install /usr/bin/view view /usr/bin/vim.basic 30 --slave /usr/share/man/fr/man1/view.1.gz view.fr.1.gz /usr/share/man/fr/man1/vim.1.gz --slave /usr/share/man/it/man1/view.1.gz view.it.1.gz /usr/share/man/it/man1/vim.1.gz --slave /usr/share/man/pl/man1/view.1.gz view.pl.1.gz /usr/share/man/pl/man1/vim.1.gz --slave /usr/share/man/ru/man1/view.1.gz view.ru.1.gz /usr/share/man/ru/man1/vim.1.gz --slave /usr/share/man/man1/view.1.gz view.1.gz /usr/share/man/man1/vim.1.gz
1970-01-01 00:07:53 update-alternatives: link group view updated to point to /usr/bin/vim.basic
1970-01-01 00:07:53 update-alternatives: run with --install /usr/bin/ex ex /usr/bin/vim.basic 30 --slave /usr/share/man/fr/man1/ex.1.gz ex.fr.1.gz /usr/share/man/fr/man1/vim.1.gz --slave /usr/share/man/it/man1/ex.1.gz ex.it.1.gz /usr/share/man/it/man1/vim.1.gz --slave /usr/share/man/pl/man1/ex.1.gz ex.pl.1.gz /usr/share/man/pl/man1/vim.1.gz --slave /usr/share/man/ru/man1/ex.1.gz ex.ru.1.gz /usr/share/man/ru/man1/vim.1.gz --slave /usr/share/man/man1/ex.1.gz ex.1.gz /usr/share/man/man1/vim.1.gz
1970-01-01 00:07:53 update-alternatives: link group ex updated to point to /usr/bin/vim.basic
1970-01-01 00:07:53 update-alternatives: run with --install /usr/bin/editor editor /usr/bin/vim.basic 30 --slave /usr/share/man/fr/man1/editor.1.gz editor.fr.1.gz /usr/share/man/fr/man1/vim.1.gz --slave /usr/share/man/it/man1/editor.1.gz editor.it.1.gz /usr/share/man/it/man1/vim.1.gz --slave /usr/share/man/pl/man1/editor.1.gz editor.pl.1.gz /usr/share/man/pl/man1/vim.1.gz --slave /usr/share/man/ru/man1/editor.1.gz editor.ru.1.gz /usr/share/man/ru/man1/vim.1.gz --slave /usr/share/man/man1/editor.1.gz editor.1.gz /usr/share/man/man1/vim.1.gz
1970-01-01 00:08:01 update-alternatives: run with --install /usr/bin/c++ c++ /usr/bin/g++ 20
1970-01-01 00:08:01 update-alternatives: link group c++ updated to point to /usr/bin/g++
1970-01-01 00:08:02 update-alternatives: run with --install /usr/bin/rename rename /usr/bin/prename 60 --slave /usr/share/man/man1/rename.1.gz rename.1.gz /usr/share/man/man1/prename.1.gz
1970-01-01 00:08:02 update-alternatives: link group rename updated to point to /usr/bin/prename
1970-01-01 00:08:21 update-alternatives: run with --install /usr/bin/automake automake /usr/bin/automake-1.11 29 --slave /usr/bin/aclocal aclocal /usr/bin/aclocal-1.11 --slave /usr/share/man/man1/automake.1.gz automake.1.gz /usr/share/man/man1/automake-1.11.1.gz --slave /usr/share/man/man1/aclocal.1.gz aclocal.1.gz /usr/share/man/man1/aclocal-1.11.1.gz
1970-01-01 00:08:21 update-alternatives: link group automake updated to point to /usr/bin/automake-1.11
1970-01-01 00:22:06 update-alternatives: run with --install /usr/bin/aptitude aptitude /usr/bin/aptitude-curses 30
1970-01-01 00:22:06 update-alternatives: link group aptitude updated to point to /usr/bin/aptitude-curses
1970-01-01 01:12:38 update-alternatives: run with --remove unrar /usr/bin/unrar-nonfree
1970-01-01 01:12:38 update-alternatives: link group unrar fully removed
1970-01-01 00:26:20 update-alternatives: run with --install /usr/bin/rename rename /usr/bin/prename 60 --slave /usr/share/man/man1/rename.1.gz rename.1.gz /usr/share/man/man1/prename.1.gz
1970-01-01 00:49:25 update-alternatives: run with --install /usr/bin/lua lua-interpreter /usr/bin/lua5.1 110 --slave /usr/share/man/man1/lua.1.gz lua-manual /usr/share/man/man1/lua5.1.1.gz
1970-01-01 00:49:25 update-alternatives: link group lua-interpreter updated to point to /usr/bin/lua5.1
1970-01-01 00:49:25 update-alternatives: run with --install /usr/bin/luac lua-compiler /usr/bin/luac5.1 110 --slave /usr/share/man/man1/luac.1.gz lua-compiler-manual /usr/share/man/man1/luac5.1.1.gz
1970-01-01 00:49:25 update-alternatives: link group lua-compiler updated to point to /usr/bin/luac5.1
2013-01-19 12:37:41 update-alternatives: run with --install /usr/bin/php-cgi php-cgi /usr/bin/php5-cgi 50 --slave /usr/share/man/man1/php-cgi.1.gz php-cgi.1.gz /usr/share/man/man1/php5-cgi.1.gz
2013-01-19 12:37:41 update-alternatives: link group php-cgi updated to point to /usr/bin/php5-cgi
2013-01-19 12:37:41 update-alternatives: run with --install /usr/lib/cgi-bin/php php-cgi-bin /usr/lib/cgi-bin/php5 50
2013-01-19 12:37:41 update-alternatives: link group php-cgi-bin updated to point to /usr/lib/cgi-bin/php5
1970-01-01 00:32:34 update-alternatives: run with --install /usr/bin/php php /usr/bin/php5 50 --slave /usr/share/man/man1/php.1.gz php.1.gz /usr/share/man/man1/php5.1.gz
1970-01-01 00:32:34 update-alternatives: link group php updated to point to /usr/bin/php5
