Jan  1 00:04:58 gnublin useradd[3883]: new user: name=statd, UID=101, GID=65534, home=/var/lib/nfs, shell=/bin/false
Jan  1 00:04:58 gnublin usermod[3888]: change user 'statd' password
Jan  1 00:04:58 gnublin chage[3893]: changed password expiry for statd
Jan  1 00:05:02 gnublin groupadd[3948]: group added to /etc/group: name=ssh, GID=102
Jan  1 00:05:02 gnublin groupadd[3948]: group added to /etc/gshadow: name=ssh
Jan  1 00:05:02 gnublin groupadd[3948]: new group: name=ssh, GID=102
Jan  1 00:05:55 gnublin groupadd[4043]: group added to /etc/group: name=messagebus, GID=103
Jan  1 00:05:55 gnublin groupadd[4043]: group added to /etc/gshadow: name=messagebus
Jan  1 00:05:55 gnublin groupadd[4043]: new group: name=messagebus, GID=103
Jan  1 00:05:55 gnublin useradd[4048]: new user: name=messagebus, UID=102, GID=103, home=/var/run/dbus, shell=/bin/false
Jan  1 00:05:55 gnublin usermod[4053]: change user 'messagebus' password
Jan  1 00:05:55 gnublin chage[4058]: changed password expiry for messagebus
Jan  1 00:05:58 gnublin groupadd[4105]: group added to /etc/group: name=avahi, GID=104
Jan  1 00:05:58 gnublin groupadd[4105]: group added to /etc/gshadow: name=avahi
Jan  1 00:05:58 gnublin groupadd[4105]: new group: name=avahi, GID=104
Jan  1 00:05:58 gnublin useradd[4110]: new user: name=avahi, UID=103, GID=104, home=/var/run/avahi-daemon, shell=/bin/false
Jan  1 00:05:58 gnublin usermod[4115]: change user 'avahi' password
Jan  1 00:05:58 gnublin chage[4120]: changed password expiry for avahi
Jan  1 00:05:58 gnublin chfn[4125]: pam_unix(chfn:account): account root has password changed in future
Jan  1 00:05:59 gnublin chfn[4125]: changed user 'avahi' information
Jan  1 00:06:00 gnublin groupadd[4134]: group added to /etc/group: name=netdev, GID=105
Jan  1 00:06:00 gnublin groupadd[4134]: group added to /etc/gshadow: name=netdev
Jan  1 00:06:00 gnublin groupadd[4134]: new group: name=netdev, GID=105
Jan  1 00:07:45 gnublin useradd[6446]: new user: name=sshd, UID=104, GID=65534, home=/var/run/sshd, shell=/usr/sbin/nologin
Jan  1 00:07:46 gnublin usermod[6451]: change user 'sshd' password
Jan  1 00:07:46 gnublin chage[6456]: changed password expiry for sshd
Jan  1 00:07:47 gnublin sshd[6496]: Server listening on 0.0.0.0 port 22.
Jan  1 00:07:57 gnublin groupadd[6617]: group added to /etc/group: name=ftp, GID=106
Jan  1 00:07:57 gnublin groupadd[6617]: group added to /etc/gshadow: name=ftp
Jan  1 00:07:57 gnublin groupadd[6617]: new group: name=ftp, GID=106
Jan  1 00:07:58 gnublin useradd[6622]: new user: name=ftp, UID=105, GID=106, home=/srv/ftp, shell=/bin/false
Jan  1 00:07:58 gnublin usermod[6627]: change user 'ftp' password
Jan  1 00:07:58 gnublin chage[6632]: changed password expiry for ftp
Jan  1 00:07:58 gnublin chfn[6637]: pam_unix(chfn:account): account root has password changed in future
Jan  1 00:07:58 gnublin chfn[6637]: changed user 'ftp' information
Jan  1 00:08:39 gnublin groupadd[7083]: group added to /etc/group: name=i2c, GID=107
Jan  1 00:08:39 gnublin groupadd[7083]: group added to /etc/gshadow: name=i2c
Jan  1 00:08:39 gnublin groupadd[7083]: new group: name=i2c, GID=107
Jan  1 00:08:59 gnublin passwd[7100]: pam_unix(passwd:chauthtok): account root has password changed in future
Jan  1 00:09:00 gnublin passwd[7100]: pam_unix(passwd:chauthtok): account root has password changed in future
Jan  1 00:09:00 gnublin passwd[7100]: pam_unix(passwd:chauthtok): password changed for root
Jan  1 00:09:00 gnublin passwd[7101]: password for 'root' changed by 'root'
Jan  1 00:09:00 gnublin passwd[7106]: password for 'root' changed by 'root'
Jan  1 00:09:00 gnublin passwd[7111]: password for 'root' changed by 'root'
Jan  1 00:09:04 gnublin sshd[6496]: Received signal 15; terminating.
Jan  1 00:02:59 gnublin sshd[1146]: Server listening on 0.0.0.0 port 22.
Jan  1 00:04:33 gnublin sshd[1146]: Received signal 15; terminating.
Jan  1 00:05:43 gnublin sshd[1914]: Server listening on 0.0.0.0 port 22.
Jan  1 00:05:54 gnublin login[1935]: pam_unix(login:session): session opened for user root by LOGIN(uid=0)
Jan  1 00:05:54 gnublin login[1936]: ROOT LOGIN  on '/dev/ttyS0'
Jan  1 00:10:55 gnublin sshd[1947]: Did not receive identification string from 10.0.0.193
Jan  1 00:10:59 gnublin passwd[1956]: pam_unix(passwd:chauthtok): password changed for root
Jan  1 00:11:02 gnublin sshd[1951]: Accepted password for root from 10.0.0.193 port 54529 ssh2
Jan  1 00:11:02 gnublin sshd[1951]: pam_unix(sshd:session): session opened for user root by (uid=0)
Jan  1 00:11:02 gnublin login[1935]: pam_unix(login:session): session closed for user root
Jan  1 00:29:28 gnublin sshd[2686]: Did not receive identification string from 10.0.0.193
Jan  1 01:53:14 gnublin sshd[1951]: Received disconnect from 10.0.0.193: 11: disconnected by user
Jan  1 01:53:14 gnublin sshd[1951]: pam_unix(sshd:session): session closed for user root
Jan  1 01:53:49 gnublin login[1958]: pam_unix(login:session): session opened for user root by LOGIN(uid=0)
Jan  1 01:53:50 gnublin login[3099]: ROOT LOGIN  on '/dev/ttyS0'
Jan  1 01:54:02 gnublin sshd[1914]: Received signal 15; terminating.
Jan  1 00:01:25 gnublin sshd[731]: Server listening on 0.0.0.0 port 22.
Jan  1 00:01:39 gnublin login[774]: pam_unix(login:session): session opened for user root by LOGIN(uid=0)
Jan  1 00:01:39 gnublin login[775]: ROOT LOGIN  on '/dev/ttyS0'
